<?xml version="1.0" encoding="UTF-8"?>
<testng-results skipped="0" failed="0" ignored="0" total="1" passed="1">
  <reporter-output>
  </reporter-output>
  <suite name="Default suite" duration-ms="9326" started-at="2018-01-17T23:59:56Z" finished-at="2018-01-18T00:00:05Z">
    <groups>
    </groups>
    <test name="Default test" duration-ms="9326" started-at="2018-01-17T23:59:56Z" finished-at="2018-01-18T00:00:05Z">
      <class name="Dashboard.DashboardTest">
        <test-method status="PASS" signature="Init()[pri:0, instance:Dashboard.DashboardTest@5552768b]" name="Init" is-config="true" duration-ms="8586" started-at="2018-01-17T17:59:56Z" finished-at="2018-01-17T18:00:04Z">
          <reporter-output>
          </reporter-output>
        </test-method> <!-- Init -->
        <test-method status="PASS" signature="resetBrowser()[pri:0, instance:Dashboard.DashboardTest@5552768b]" name="resetBrowser" is-config="true" duration-ms="1" started-at="2018-01-17T18:00:04Z" finished-at="2018-01-17T18:00:04Z">
          <reporter-output>
          </reporter-output>
        </test-method> <!-- resetBrowser -->
        <test-method status="PASS" signature="Click1()[pri:0, instance:Dashboard.DashboardTest@5552768b]" name="Click1" duration-ms="710" started-at="2018-01-17T18:00:04Z" finished-at="2018-01-17T18:00:05Z">
          <reporter-output>
          </reporter-output>
        </test-method> <!-- Click1 -->
        <test-method status="PASS" signature="CloseDriver()[pri:0, instance:Dashboard.DashboardTest@5552768b]" name="CloseDriver" is-config="true" duration-ms="5" started-at="2018-01-17T18:00:05Z" finished-at="2018-01-17T18:00:05Z">
          <reporter-output>
          </reporter-output>
        </test-method> <!-- CloseDriver -->
      </class> <!-- Dashboard.DashboardTest -->
    </test> <!-- Default test -->
  </suite> <!-- Default suite -->
</testng-results>
